[0.272s] DEBUG:colcon:Command line arguments: ['/usr/bin/colcon', 'build']
[0.273s] DEBUG:colcon:Parsed command line arguments: Namespace(log_base=None, log_level=None, verb_name='build', build_base='build', install_base='install', merge_install=False, symlink_install=False, test_result_base=None, continue_on_error=False, executor='parallel', parallel_workers=8, event_handlers=None, ignore_user_meta=False, metas=['./colcon.meta'], base_paths=['.'], packages_ignore=None, packages_ignore_regex=None, paths=None, packages_up_to=None, packages_up_to_regex=None, packages_above=None, packages_above_and_dependencies=None, packages_above_depth=None, packages_select_by_dep=None, packages_skip_by_dep=None, packages_skip_up_to=None, packages_select_build_failed=False, packages_skip_build_finished=False, packages_select_test_failures=False, packages_skip_test_passed=False, packages_select=None, packages_skip=None, packages_select_regex=None, packages_skip_regex=None, packages_start=None, packages_end=None, allow_overriding=[], cmake_args=None, cmake_target=None, cmake_target_skip_unavailable=False, cmake_clean_cache=False, cmake_clean_first=False, cmake_force_configure=False, ament_cmake_args=None, catkin_cmake_args=None, catkin_skip_building_tests=False, verb_parser=<colcon_defaults.argument_parser.defaults.DefaultArgumentsDecorator object at 0x7f43396fbd30>, verb_extension=<colcon_core.verb.build.BuildVerb object at 0x7f4339921bd0>, main=<bound method BuildVerb.main of <colcon_core.verb.build.BuildVerb object at 0x7f4339921bd0>>)
[0.631s] Level 1:colcon.colcon_core.package_discovery:discover_packages(colcon_meta) check parameters
[0.631s] Level 1:colcon.colcon_core.package_discovery:discover_packages(recursive) check parameters
[0.631s] Level 1:colcon.colcon_core.package_discovery:discover_packages(ignore) check parameters
[0.631s] Level 1:colcon.colcon_core.package_discovery:discover_packages(path) check parameters
[0.632s] Level 1:colcon.colcon_core.package_discovery:discover_packages(colcon_meta) discover
[0.632s] Level 1:colcon.colcon_core.package_discovery:discover_packages(recursive) discover
[0.632s] INFO:colcon.colcon_core.package_discovery:Crawling recursively for packages in '/mnt/c/Users/mphat/OneDrive/Documents/college/RG_first_assignment/CVFirstAssignment'
[0.633s] Level 1:colcon.colcon_core.package_identification:_identify(.) by extensions ['ignore', 'ignore_ament_install']
[0.633s] Level 1:colcon.colcon_core.package_identification:_identify(.) by extension 'ignore'
[0.633s] Level 1:colcon.colcon_core.package_identification:_identify(.) by extension 'ignore_ament_install'
[0.634s] Level 1:colcon.colcon_core.package_identification:_identify(.) by extensions ['colcon_pkg']
[0.634s] Level 1:colcon.colcon_core.package_identification:_identify(.) by extension 'colcon_pkg'
[0.634s] Level 1:colcon.colcon_core.package_identification:_identify(.) by extensions ['colcon_meta']
[0.634s] Level 1:colcon.colcon_core.package_identification:_identify(.) by extension 'colcon_meta'
[0.635s] Level 1:colcon.colcon_core.package_identification:_identify(.) by extensions ['ros']
[0.635s] Level 1:colcon.colcon_core.package_identification:_identify(.) by extension 'ros'
[0.644s] Level 1:colcon.colcon_core.package_identification:_identify(.) by extensions ['cmake', 'python']
[0.645s] Level 1:colcon.colcon_core.package_identification:_identify(.) by extension 'cmake'
[0.645s] Level 1:colcon.colcon_core.package_identification:_identify(.) by extension 'python'
[0.645s] Level 1:colcon.colcon_core.package_identification:_identify(.) by extensions ['python_setup_py']
[0.645s] Level 1:colcon.colcon_core.package_identification:_identify(.) by extension 'python_setup_py'
[0.647s] Level 1:colcon.colcon_core.package_identification:_identify(build) by extensions ['ignore', 'ignore_ament_install']
[0.647s] Level 1:colcon.colcon_core.package_identification:_identify(build) by extension 'ignore'
[0.648s] Level 1:colcon.colcon_core.package_identification:_identify(build) ignored
[0.650s] Level 1:colcon.colcon_core.package_identification:_identify(install) by extensions ['ignore', 'ignore_ament_install']
[0.650s] Level 1:colcon.colcon_core.package_identification:_identify(install) by extension 'ignore'
[0.652s] Level 1:colcon.colcon_core.package_identification:_identify(install) ignored
[0.655s] Level 1:colcon.colcon_core.package_identification:_identify(log) by extensions ['ignore', 'ignore_ament_install']
[0.655s] Level 1:colcon.colcon_core.package_identification:_identify(log) by extension 'ignore'
[0.656s] Level 1:colcon.colcon_core.package_identification:_identify(log) ignored
[0.657s] Level 1:colcon.colcon_core.package_identification:_identify(src) by extensions ['ignore', 'ignore_ament_install']
[0.657s] Level 1:colcon.colcon_core.package_identification:_identify(src) by extension 'ignore'
[0.658s] Level 1:colcon.colcon_core.package_identification:_identify(src) by extension 'ignore_ament_install'
[0.658s] Level 1:colcon.colcon_core.package_identification:_identify(src) by extensions ['colcon_pkg']
[0.659s] Level 1:colcon.colcon_core.package_identification:_identify(src) by extension 'colcon_pkg'
[0.659s] Level 1:colcon.colcon_core.package_identification:_identify(src) by extensions ['colcon_meta']
[0.659s] Level 1:colcon.colcon_core.package_identification:_identify(src) by extension 'colcon_meta'
[0.660s] Level 1:colcon.colcon_core.package_identification:_identify(src) by extensions ['ros']
[0.660s] Level 1:colcon.colcon_core.package_identification:_identify(src) by extension 'ros'
[0.661s] Level 1:colcon.colcon_core.package_identification:_identify(src) by extensions ['cmake', 'python']
[0.662s] Level 1:colcon.colcon_core.package_identification:_identify(src) by extension 'cmake'
[0.662s] Level 1:colcon.colcon_core.package_identification:_identify(src) by extension 'python'
[0.663s] Level 1:colcon.colcon_core.package_identification:_identify(src) by extensions ['python_setup_py']
[0.663s] Level 1:colcon.colcon_core.package_identification:_identify(src) by extension 'python_setup_py'
[0.666s] Level 1:colcon.colcon_core.package_identification:_identify(src/cvfa) by extensions ['ignore', 'ignore_ament_install']
[0.667s] Level 1:colcon.colcon_core.package_identification:_identify(src/cvfa) by extension 'ignore'
[0.667s] Level 1:colcon.colcon_core.package_identification:_identify(src/cvfa) by extension 'ignore_ament_install'
[0.669s] Level 1:colcon.colcon_core.package_identification:_identify(src/cvfa) by extensions ['colcon_pkg']
[0.669s] Level 1:colcon.colcon_core.package_identification:_identify(src/cvfa) by extension 'colcon_pkg'
[0.670s] Level 1:colcon.colcon_core.package_identification:_identify(src/cvfa) by extensions ['colcon_meta']
[0.670s] Level 1:colcon.colcon_core.package_identification:_identify(src/cvfa) by extension 'colcon_meta'
[0.671s] Level 1:colcon.colcon_core.package_identification:_identify(src/cvfa) by extensions ['ros']
[0.671s] Level 1:colcon.colcon_core.package_identification:_identify(src/cvfa) by extension 'ros'
[0.694s] DEBUG:colcon.colcon_core.package_identification:Package 'src/cvfa' with type 'ros.ament_python' and name 'cvfa'
[0.695s] Level 1:colcon.colcon_core.package_discovery:discover_packages(recursive) using defaults
[0.695s] Level 1:colcon.colcon_core.package_discovery:discover_packages(ignore) discover
[0.696s] Level 1:colcon.colcon_core.package_discovery:discover_packages(ignore) using defaults
[0.696s] Level 1:colcon.colcon_core.package_discovery:discover_packages(path) discover
[0.696s] Level 1:colcon.colcon_core.package_discovery:discover_packages(path) using defaults
[0.734s] Level 1:colcon.colcon_core.package_discovery:discover_packages(prefix_path) check parameters
[0.734s] Level 1:colcon.colcon_core.package_discovery:discover_packages(prefix_path) discover
[0.740s] DEBUG:colcon.colcon_installed_package_information.package_discovery:Found 293 installed packages in /opt/ros/humble
[0.741s] Level 1:colcon.colcon_core.package_discovery:discover_packages(prefix_path) using defaults
[0.833s] Level 5:colcon.colcon_core.verb:set package 'cvfa' build argument 'cmake_args' from command line to 'None'
[0.833s] Level 5:colcon.colcon_core.verb:set package 'cvfa' build argument 'cmake_target' from command line to 'None'
[0.834s] Level 5:colcon.colcon_core.verb:set package 'cvfa' build argument 'cmake_target_skip_unavailable' from command line to 'False'
[0.834s] Level 5:colcon.colcon_core.verb:set package 'cvfa' build argument 'cmake_clean_cache' from command line to 'False'
[0.834s] Level 5:colcon.colcon_core.verb:set package 'cvfa' build argument 'cmake_clean_first' from command line to 'False'
[0.835s] Level 5:colcon.colcon_core.verb:set package 'cvfa' build argument 'cmake_force_configure' from command line to 'False'
[0.835s] Level 5:colcon.colcon_core.verb:set package 'cvfa' build argument 'ament_cmake_args' from command line to 'None'
[0.835s] Level 5:colcon.colcon_core.verb:set package 'cvfa' build argument 'catkin_cmake_args' from command line to 'None'
[0.836s] Level 5:colcon.colcon_core.verb:set package 'cvfa' build argument 'catkin_skip_building_tests' from command line to 'False'
[0.836s] DEBUG:colcon.colcon_core.verb:Building package 'cvfa' with the following arguments: {'ament_cmake_args': None, 'build_base': '/mnt/c/Users/mphat/OneDrive/Documents/college/RG_first_assignment/CVFirstAssignment/build/cvfa', 'catkin_cmake_args': None, 'catkin_skip_building_tests': False, 'cmake_args': None, 'cmake_clean_cache': False, 'cmake_clean_first': False, 'cmake_force_configure': False, 'cmake_target': None, 'cmake_target_skip_unavailable': False, 'install_base': '/mnt/c/Users/mphat/OneDrive/Documents/college/RG_first_assignment/CVFirstAssignment/install/cvfa', 'merge_install': False, 'path': '/mnt/c/Users/mphat/OneDrive/Documents/college/RG_first_assignment/CVFirstAssignment/src/cvfa', 'symlink_install': False, 'test_result_base': None}
[0.836s] INFO:colcon.colcon_core.executor:Executing jobs using 'parallel' executor
[0.837s] DEBUG:colcon.colcon_parallel_executor.executor.parallel:run_until_complete
[0.838s] INFO:colcon.colcon_ros.task.ament_python.build:Building ROS package in '/mnt/c/Users/mphat/OneDrive/Documents/college/RG_first_assignment/CVFirstAssignment/src/cvfa' with build type 'ament_python'
[0.838s] Level 1:colcon.colcon_core.shell:create_environment_hook('cvfa', 'ament_prefix_path')
[0.845s] INFO:colcon.colcon_core.plugin_system:Skipping extension 'colcon_core.shell.bat': Not used on non-Windows systems
[0.845s] INFO:colcon.colcon_core.shell:Creating environment hook '/mnt/c/Users/mphat/OneDrive/Documents/college/RG_first_assignment/CVFirstAssignment/install/cvfa/share/cvfa/hook/ament_prefix_path.ps1'
[0.861s] INFO:colcon.colcon_core.shell:Creating environment descriptor '/mnt/c/Users/mphat/OneDrive/Documents/college/RG_first_assignment/CVFirstAssignment/install/cvfa/share/cvfa/hook/ament_prefix_path.dsv'
[0.873s] INFO:colcon.colcon_core.shell:Creating environment hook '/mnt/c/Users/mphat/OneDrive/Documents/college/RG_first_assignment/CVFirstAssignment/install/cvfa/share/cvfa/hook/ament_prefix_path.sh'
[0.886s] INFO:colcon.colcon_core.shell:Skip shell extension 'powershell' for command environment: Not usable outside of PowerShell
[0.886s] DEBUG:colcon.colcon_core.shell:Skip shell extension 'dsv' for command environment
[1.113s] INFO:colcon.colcon_core.task.python.build:Building Python package in '/mnt/c/Users/mphat/OneDrive/Documents/college/RG_first_assignment/CVFirstAssignment/src/cvfa'
[1.114s] INFO:colcon.colcon_core.shell:Skip shell extension 'powershell' for command environment: Not usable outside of PowerShell
[1.114s] DEBUG:colcon.colcon_core.shell:Skip shell extension 'dsv' for command environment
[2.036s] DEBUG:colcon.colcon_core.event_handler.log_command:Invoking command in '/mnt/c/Users/mphat/OneDrive/Documents/college/RG_first_assignment/CVFirstAssignment/src/cvfa': PYTHONPATH=/mnt/c/Users/mphat/OneDrive/Documents/college/RG_first_assignment/CVFirstAssignment/build/cvfa/prefix_override:/usr/lib/python3/dist-packages/colcon_core/task/python/colcon_distutils_commands:/mnt/c/Users/mphat/OneDrive/Documents/college/RG_first_assignment/CVFirstAssignment/install/cvfa/lib/python3.10/site-packages:${PYTHONPATH} /usr/bin/python3 -W ignore:setup.py install is deprecated setup.py egg_info --egg-base ../../build/cvfa build --build-base /mnt/c/Users/mphat/OneDrive/Documents/college/RG_first_assignment/CVFirstAssignment/build/cvfa/build install --record /mnt/c/Users/mphat/OneDrive/Documents/college/RG_first_assignment/CVFirstAssignment/build/cvfa/install.log --single-version-externally-managed install_data
[3.343s] DEBUG:colcon.colcon_core.event_handler.log_command:Invoked command in '/mnt/c/Users/mphat/OneDrive/Documents/college/RG_first_assignment/CVFirstAssignment/src/cvfa' returned '0': PYTHONPATH=/mnt/c/Users/mphat/OneDrive/Documents/college/RG_first_assignment/CVFirstAssignment/build/cvfa/prefix_override:/usr/lib/python3/dist-packages/colcon_core/task/python/colcon_distutils_commands:/mnt/c/Users/mphat/OneDrive/Documents/college/RG_first_assignment/CVFirstAssignment/install/cvfa/lib/python3.10/site-packages:${PYTHONPATH} /usr/bin/python3 -W ignore:setup.py install is deprecated setup.py egg_info --egg-base ../../build/cvfa build --build-base /mnt/c/Users/mphat/OneDrive/Documents/college/RG_first_assignment/CVFirstAssignment/build/cvfa/build install --record /mnt/c/Users/mphat/OneDrive/Documents/college/RG_first_assignment/CVFirstAssignment/build/cvfa/install.log --single-version-externally-managed install_data
[3.352s] Level 1:colcon.colcon_core.environment:checking '/mnt/c/Users/mphat/OneDrive/Documents/college/RG_first_assignment/CVFirstAssignment/install/cvfa' for CMake module files
[3.395s] Level 1:colcon.colcon_core.environment:checking '/mnt/c/Users/mphat/OneDrive/Documents/college/RG_first_assignment/CVFirstAssignment/install/cvfa' for CMake config files
[3.441s] Level 1:colcon.colcon_core.environment:checking '/mnt/c/Users/mphat/OneDrive/Documents/college/RG_first_assignment/CVFirstAssignment/install/cvfa/lib'
[3.443s] Level 1:colcon.colcon_core.environment:checking '/mnt/c/Users/mphat/OneDrive/Documents/college/RG_first_assignment/CVFirstAssignment/install/cvfa/bin'
[3.444s] Level 1:colcon.colcon_core.environment:checking '/mnt/c/Users/mphat/OneDrive/Documents/college/RG_first_assignment/CVFirstAssignment/install/cvfa/lib/pkgconfig/cvfa.pc'
[3.445s] Level 1:colcon.colcon_core.environment:checking '/mnt/c/Users/mphat/OneDrive/Documents/college/RG_first_assignment/CVFirstAssignment/install/cvfa/lib/python3.10/site-packages'
[3.446s] Level 1:colcon.colcon_core.shell:create_environment_hook('cvfa', 'pythonpath')
[3.447s] INFO:colcon.colcon_core.shell:Creating environment hook '/mnt/c/Users/mphat/OneDrive/Documents/college/RG_first_assignment/CVFirstAssignment/install/cvfa/share/cvfa/hook/pythonpath.ps1'
[3.454s] INFO:colcon.colcon_core.shell:Creating environment descriptor '/mnt/c/Users/mphat/OneDrive/Documents/college/RG_first_assignment/CVFirstAssignment/install/cvfa/share/cvfa/hook/pythonpath.dsv'
[3.465s] INFO:colcon.colcon_core.shell:Creating environment hook '/mnt/c/Users/mphat/OneDrive/Documents/college/RG_first_assignment/CVFirstAssignment/install/cvfa/share/cvfa/hook/pythonpath.sh'
[3.476s] Level 1:colcon.colcon_core.environment:checking '/mnt/c/Users/mphat/OneDrive/Documents/college/RG_first_assignment/CVFirstAssignment/install/cvfa/bin'
[3.477s] Level 1:colcon.colcon_core.environment:create_environment_scripts_only(cvfa)
[3.477s] INFO:colcon.colcon_core.shell:Creating package script '/mnt/c/Users/mphat/OneDrive/Documents/college/RG_first_assignment/CVFirstAssignment/install/cvfa/share/cvfa/package.ps1'
[3.491s] INFO:colcon.colcon_core.shell:Creating package descriptor '/mnt/c/Users/mphat/OneDrive/Documents/college/RG_first_assignment/CVFirstAssignment/install/cvfa/share/cvfa/package.dsv'
[3.505s] INFO:colcon.colcon_core.shell:Creating package script '/mnt/c/Users/mphat/OneDrive/Documents/college/RG_first_assignment/CVFirstAssignment/install/cvfa/share/cvfa/package.sh'
[3.521s] INFO:colcon.colcon_core.shell:Creating package script '/mnt/c/Users/mphat/OneDrive/Documents/college/RG_first_assignment/CVFirstAssignment/install/cvfa/share/cvfa/package.bash'
[3.532s] INFO:colcon.colcon_core.shell:Creating package script '/mnt/c/Users/mphat/OneDrive/Documents/college/RG_first_assignment/CVFirstAssignment/install/cvfa/share/cvfa/package.zsh'
[3.542s] Level 1:colcon.colcon_core.environment:create_file_with_runtime_dependencies(/mnt/c/Users/mphat/OneDrive/Documents/college/RG_first_assignment/CVFirstAssignment/install/cvfa/share/colcon-core/packages/cvfa)
[3.552s] DEBUG:colcon.colcon_parallel_executor.executor.parallel:closing loop
[3.553s] DEBUG:colcon.colcon_parallel_executor.executor.parallel:loop closed
[3.555s] DEBUG:colcon.colcon_parallel_executor.executor.parallel:run_until_complete finished with '0'
[3.556s] DEBUG:colcon.colcon_core.event_reactor:joining thread
[3.618s] INFO:colcon.colcon_core.plugin_system:Skipping extension 'colcon_notification.desktop_notification.notify_send': Could not find 'notify-send'
[3.619s] INFO:colcon.colcon_core.plugin_system:Skipping extension 'colcon_notification.desktop_notification.terminal_notifier': Not used on non-Darwin systems
[3.619s] INFO:colcon.colcon_core.plugin_system:Skipping extension 'colcon_notification.desktop_notification.win32': Not used on non-Windows systems
[3.619s] INFO:colcon.colcon_notification.desktop_notification:Sending desktop notification using 'notify2'
[3.649s] DEBUG:colcon.colcon_notification.desktop_notification.notify2:Failed to initialize notify2: org.freedesktop.DBus.Error.ServiceUnknown: The name org.freedesktop.Notifications was not provided by any .service files
[3.649s] DEBUG:colcon.colcon_core.event_reactor:joined thread
[3.649s] INFO:colcon.colcon_core.shell:Creating prefix script '/mnt/c/Users/mphat/OneDrive/Documents/college/RG_first_assignment/CVFirstAssignment/install/local_setup.ps1'
[3.654s] INFO:colcon.colcon_core.shell:Creating prefix util module '/mnt/c/Users/mphat/OneDrive/Documents/college/RG_first_assignment/CVFirstAssignment/install/_local_setup_util_ps1.py'
[3.659s] INFO:colcon.colcon_core.shell:Creating prefix chain script '/mnt/c/Users/mphat/OneDrive/Documents/college/RG_first_assignment/CVFirstAssignment/install/setup.ps1'
[3.663s] INFO:colcon.colcon_core.shell:Creating prefix script '/mnt/c/Users/mphat/OneDrive/Documents/college/RG_first_assignment/CVFirstAssignment/install/local_setup.sh'
[3.668s] INFO:colcon.colcon_core.shell:Creating prefix util module '/mnt/c/Users/mphat/OneDrive/Documents/college/RG_first_assignment/CVFirstAssignment/install/_local_setup_util_sh.py'
[3.672s] INFO:colcon.colcon_core.shell:Creating prefix chain script '/mnt/c/Users/mphat/OneDrive/Documents/college/RG_first_assignment/CVFirstAssignment/install/setup.sh'
[3.678s] INFO:colcon.colcon_core.shell:Creating prefix script '/mnt/c/Users/mphat/OneDrive/Documents/college/RG_first_assignment/CVFirstAssignment/install/local_setup.bash'
[3.686s] INFO:colcon.colcon_core.shell:Creating prefix chain script '/mnt/c/Users/mphat/OneDrive/Documents/college/RG_first_assignment/CVFirstAssignment/install/setup.bash'
[3.694s] INFO:colcon.colcon_core.shell:Creating prefix script '/mnt/c/Users/mphat/OneDrive/Documents/college/RG_first_assignment/CVFirstAssignment/install/local_setup.zsh'
[3.700s] INFO:colcon.colcon_core.shell:Creating prefix chain script '/mnt/c/Users/mphat/OneDrive/Documents/college/RG_first_assignment/CVFirstAssignment/install/setup.zsh'
