[1.196s] Invoking command in '/mnt/c/Users/mphat/OneDrive/Documents/college/RG_first_assignment/CVFirstAssignment/src/cvfa': PYTHONPATH=/mnt/c/Users/mphat/OneDrive/Documents/college/RG_first_assignment/CVFirstAssignment/build/cvfa/prefix_override:/usr/lib/python3/dist-packages/colcon_core/task/python/colcon_distutils_commands:/mnt/c/Users/mphat/OneDrive/Documents/college/RG_first_assignment/CVFirstAssignment/install/cvfa/lib/python3.10/site-packages:${PYTHONPATH} /usr/bin/python3 -W ignore:setup.py install is deprecated setup.py egg_info --egg-base ../../build/cvfa build --build-base /mnt/c/Users/mphat/OneDrive/Documents/college/RG_first_assignment/CVFirstAssignment/build/cvfa/build install --record /mnt/c/Users/mphat/OneDrive/Documents/college/RG_first_assignment/CVFirstAssignment/build/cvfa/install.log --single-version-externally-managed install_data
[1.836s] running egg_info
[1.838s] creating ../../build/cvfa/cvfa.egg-info
[1.841s] writing ../../build/cvfa/cvfa.egg-info/PKG-INFO
[1.848s] writing dependency_links to ../../build/cvfa/cvfa.egg-info/dependency_links.txt
[1.854s] writing entry points to ../../build/cvfa/cvfa.egg-info/entry_points.txt
[1.859s] writing requirements to ../../build/cvfa/cvfa.egg-info/requires.txt
[1.862s] writing top-level names to ../../build/cvfa/cvfa.egg-info/top_level.txt
[1.868s] writing manifest file '../../build/cvfa/cvfa.egg-info/SOURCES.txt'
[1.894s] reading manifest file '../../build/cvfa/cvfa.egg-info/SOURCES.txt'
[1.916s] adding license file 'LICENSE'
[1.932s] writing manifest file '../../build/cvfa/cvfa.egg-info/SOURCES.txt'
[1.933s] running build
[1.934s] running build_py
[1.938s] creating /mnt/c/Users/mphat/OneDrive/Documents/college/RG_first_assignment/CVFirstAssignment/build/cvfa/build
[1.940s] creating /mnt/c/Users/mphat/OneDrive/Documents/college/RG_first_assignment/CVFirstAssignment/build/cvfa/build/lib
[1.942s] creating /mnt/c/Users/mphat/OneDrive/Documents/college/RG_first_assignment/CVFirstAssignment/build/cvfa/build/lib/cvfa
[1.948s] copying cvfa/pub.py -> /mnt/c/Users/mphat/OneDrive/Documents/college/RG_first_assignment/CVFirstAssignment/build/cvfa/build/lib/cvfa
[1.962s] copying cvfa/sub.py -> /mnt/c/Users/mphat/OneDrive/Documents/college/RG_first_assignment/CVFirstAssignment/build/cvfa/build/lib/cvfa
[1.978s] copying cvfa/__init__.py -> /mnt/c/Users/mphat/OneDrive/Documents/college/RG_first_assignment/CVFirstAssignment/build/cvfa/build/lib/cvfa
[1.989s] running install
[1.990s] running install_lib
[2.005s] creating /mnt/c/Users/mphat/OneDrive/Documents/college/RG_first_assignment/CVFirstAssignment/install/cvfa/lib/python3.10/site-packages/cvfa
[2.016s] copying /mnt/c/Users/mphat/OneDrive/Documents/college/RG_first_assignment/CVFirstAssignment/build/cvfa/build/lib/cvfa/pub.py -> /mnt/c/Users/mphat/OneDrive/Documents/college/RG_first_assignment/CVFirstAssignment/install/cvfa/lib/python3.10/site-packages/cvfa
[2.038s] copying /mnt/c/Users/mphat/OneDrive/Documents/college/RG_first_assignment/CVFirstAssignment/build/cvfa/build/lib/cvfa/sub.py -> /mnt/c/Users/mphat/OneDrive/Documents/college/RG_first_assignment/CVFirstAssignment/install/cvfa/lib/python3.10/site-packages/cvfa
[2.060s] copying /mnt/c/Users/mphat/OneDrive/Documents/college/RG_first_assignment/CVFirstAssignment/build/cvfa/build/lib/cvfa/__init__.py -> /mnt/c/Users/mphat/OneDrive/Documents/college/RG_first_assignment/CVFirstAssignment/install/cvfa/lib/python3.10/site-packages/cvfa
[2.080s] byte-compiling /mnt/c/Users/mphat/OneDrive/Documents/college/RG_first_assignment/CVFirstAssignment/install/cvfa/lib/python3.10/site-packages/cvfa/pub.py to pub.cpython-310.pyc
[2.105s] byte-compiling /mnt/c/Users/mphat/OneDrive/Documents/college/RG_first_assignment/CVFirstAssignment/install/cvfa/lib/python3.10/site-packages/cvfa/sub.py to sub.cpython-310.pyc
[2.133s] byte-compiling /mnt/c/Users/mphat/OneDrive/Documents/college/RG_first_assignment/CVFirstAssignment/install/cvfa/lib/python3.10/site-packages/cvfa/__init__.py to __init__.cpython-310.pyc
[2.156s] running install_data
[2.161s] creating /mnt/c/Users/mphat/OneDrive/Documents/college/RG_first_assignment/CVFirstAssignment/install/cvfa/share/ament_index
[2.163s] creating /mnt/c/Users/mphat/OneDrive/Documents/college/RG_first_assignment/CVFirstAssignment/install/cvfa/share/ament_index/resource_index
[2.165s] creating /mnt/c/Users/mphat/OneDrive/Documents/college/RG_first_assignment/CVFirstAssignment/install/cvfa/share/ament_index/resource_index/packages
[2.172s] copying resource/cvfa -> /mnt/c/Users/mphat/OneDrive/Documents/college/RG_first_assignment/CVFirstAssignment/install/cvfa/share/ament_index/resource_index/packages
[2.196s] copying package.xml -> /mnt/c/Users/mphat/OneDrive/Documents/college/RG_first_assignment/CVFirstAssignment/install/cvfa/share/cvfa
[2.205s] running install_egg_info
[2.217s] Copying ../../build/cvfa/cvfa.egg-info to /mnt/c/Users/mphat/OneDrive/Documents/college/RG_first_assignment/CVFirstAssignment/install/cvfa/lib/python3.10/site-packages/cvfa-0.0.0-py3.10.egg-info
[2.394s] running install_scripts
[2.458s] Installing listener script to /mnt/c/Users/mphat/OneDrive/Documents/college/RG_first_assignment/CVFirstAssignment/install/cvfa/lib/cvfa
[2.466s] Installing talker script to /mnt/c/Users/mphat/OneDrive/Documents/college/RG_first_assignment/CVFirstAssignment/install/cvfa/lib/cvfa
[2.476s] writing list of installed files to '/mnt/c/Users/mphat/OneDrive/Documents/college/RG_first_assignment/CVFirstAssignment/build/cvfa/install.log'
[2.503s] Invoked command in '/mnt/c/Users/mphat/OneDrive/Documents/college/RG_first_assignment/CVFirstAssignment/src/cvfa' returned '0': PYTHONPATH=/mnt/c/Users/mphat/OneDrive/Documents/college/RG_first_assignment/CVFirstAssignment/build/cvfa/prefix_override:/usr/lib/python3/dist-packages/colcon_core/task/python/colcon_distutils_commands:/mnt/c/Users/mphat/OneDrive/Documents/college/RG_first_assignment/CVFirstAssignment/install/cvfa/lib/python3.10/site-packages:${PYTHONPATH} /usr/bin/python3 -W ignore:setup.py install is deprecated setup.py egg_info --egg-base ../../build/cvfa build --build-base /mnt/c/Users/mphat/OneDrive/Documents/college/RG_first_assignment/CVFirstAssignment/build/cvfa/build install --record /mnt/c/Users/mphat/OneDrive/Documents/college/RG_first_assignment/CVFirstAssignment/build/cvfa/install.log --single-version-externally-managed install_data
